{"devicePlatform":"","logFolder":"C:\\Katalon Studio\\Sample Project Test\\Reports\\Open Close\\20180308_192647","runData":{"hostName":"bulinskim - CKHDHM2.gbcc.local","hostAddress":"10.95.120.40","os":"Windows 10 64bit","katalonVersion":"5.3.1.1"},"type":"TEST_SUITE","name":"Open Close","id":"Test Suites/Open Close","source":"","message":"Test Cases/Main Test Cases/OpenClose FAILED because (of) org.codehaus.groovy.runtime.metaclass.MethodSelectionException: Could not find which method openBrowser() to invoke from this list:\n  public static void com.kms.katalon.core.webui.keyword.WebUiBuiltInKeywords#openBrowser(java.lang.String)\n  public static void com.kms.katalon.core.webui.keyword.WebUiBuiltInKeywords#openBrowser(java.lang.String, com.kms.katalon.core.model.FailureHandling)","description":"","startTime":1520533609362,"endTime":1520533610254,"childRecords":[{"isOptional":false,"type":"TEST_CASE","name":"Test Cases/Main Test Cases/OpenClose","id":"Test Cases/Main Test Cases/OpenClose","source":"C:\\\\Katalon Studio\\\\Sample Project Test\\\\Test Cases\\\\Main Test Cases\\\\OpenClose.tc","message":"Test Cases/Main Test Cases/OpenClose FAILED because (of) org.codehaus.groovy.runtime.metaclass.MethodSelectionException: Could not find which method openBrowser() to invoke from this list:\n  public static void com.kms.katalon.core.webui.keyword.WebUiBuiltInKeywords#openBrowser(java.lang.String)\n  public static void com.kms.katalon.core.webui.keyword.WebUiBuiltInKeywords#openBrowser(java.lang.String, com.kms.katalon.core.model.FailureHandling)","description":"","startTime":1520533609762,"endTime":1520533610198,"childRecords":[{"testStatus":{"stackTrace":"","statusValue":"INFO"},"type":"MESSAGE","name":"","message":"Evaluating variables for test case","startTime":1520533609790,"endTime":0,"childRecords":[],"interuppted":false},{"index":1,"isIgnoredIfFailed":false,"type":"TEST_STEP","name":"openBrowser","description":"","startTime":1520533610165,"endTime":1520533610193,"childRecords":[],"interuppted":false},{"testStatus":{"stackTrace":"","statusValue":"ERROR"},"type":"MESSAGE","name":"","message":"Test Cases/Main Test Cases/OpenClose FAILED because (of) org.codehaus.groovy.runtime.metaclass.MethodSelectionException: Could not find which method openBrowser() to invoke from this list:\n  public static void com.kms.katalon.core.webui.keyword.WebUiBuiltInKeywords#openBrowser(java.lang.String)\n  public static void com.kms.katalon.core.webui.keyword.WebUiBuiltInKeywords#openBrowser(java.lang.String, com.kms.katalon.core.model.FailureHandling)","startTime":1520533610198,"endTime":0,"childRecords":[],"interuppted":false}],"interuppted":false}],"interuppted":false}