<?xml version="1.0" encoding="UTF-8"?>
<testsuites name="Open Close" time="0" tests="0" failures="0" errors="1">
   <testsuite name="Open Close" tests="0" failures="0" errors="1" time="0" timestamp="2018-03-08 19:26:49" hostname="bulinskim - CKHDHM2.gbcc.local" id="Test Suites/Open Close">
      <properties>
         <property name="deviceName" value=""/>
         <property name="devicePlatform" value=""/>
         <property name="logFolder" value="C:\\Katalon Studio\\Sample Project Test\\Reports\\Open Close\\20180308_192647"/>
         <property name="logFiles" value="C:\\Katalon Studio\\Sample Project Test\\Reports\\Open Close\\20180308_192647\\execution0.log"/>
         <property name="attachments" value=""/>
         <property name="hostName" value="bulinskim - CKHDHM2.gbcc.local"/>
         <property name="hostAddress" value="10.95.120.40"/>
         <property name="os" value="Windows 10 64bit"/>
         <property name="katalonVersion" value="5.3.1.1"/>
      </properties>
      <testcase name="Test Cases/Main Test Cases/OpenClose" classname="Test Cases/Main Test Cases/OpenClose" status="ERROR">
         <error type="ERROR" message="Test Cases/Main Test Cases/OpenClose FAILED because (of) org.codehaus.groovy.runtime.metaclass.MethodSelectionException: Could not find which method openBrowser() to invoke from this list:
  public static void com.kms.katalon.core.webui.keyword.WebUiBuiltInKeywords#openBrowser(java.lang.String)
  public static void com.kms.katalon.core.webui.keyword.WebUiBuiltInKeywords#openBrowser(java.lang.String, com.kms.katalon.core.model.FailureHandling)"/>
         <system-out><![CDATA[2018-03-08 19:26:49 - [TEST_CASE][ERROR] - Test Cases/Main Test Cases/OpenClose: Test Cases/Main Test Cases/OpenClose FAILED because (of) org.codehaus.groovy.runtime.metaclass.MethodSelectionException: Could not find which method openBrowser() to invoke from this list:
  public static void com.kms.katalon.core.webui.keyword.WebUiBuiltInKeywords#openBrowser(java.lang.String)
  public static void com.kms.katalon.core.webui.keyword.WebUiBuiltInKeywords#openBrowser(java.lang.String, com.kms.katalon.core.model.FailureHandling)

2018-03-08 19:26:50 - [TEST_STEP][PASSED] - openBrowser: null]]></system-out>
         <system-err><![CDATA[2018-03-08 19:26:49 - [TEST_CASE][ERROR] - Test Cases/Main Test Cases/OpenClose: Test Cases/Main Test Cases/OpenClose FAILED because (of) org.codehaus.groovy.runtime.metaclass.MethodSelectionException: Could not find which method openBrowser() to invoke from this list:
  public static void com.kms.katalon.core.webui.keyword.WebUiBuiltInKeywords#openBrowser(java.lang.String)
  public static void com.kms.katalon.core.webui.keyword.WebUiBuiltInKeywords#openBrowser(java.lang.String, com.kms.katalon.core.model.FailureHandling)]]></system-err>
      </testcase>
      <system-out><![CDATA[2018-03-08 19:26:49 - [TEST_SUITE][ERROR] - Open Close: Test Cases/Main Test Cases/OpenClose FAILED because (of) org.codehaus.groovy.runtime.metaclass.MethodSelectionException: Could not find which method openBrowser() to invoke from this list:
  public static void com.kms.katalon.core.webui.keyword.WebUiBuiltInKeywords#openBrowser(java.lang.String)
  public static void com.kms.katalon.core.webui.keyword.WebUiBuiltInKeywords#openBrowser(java.lang.String, com.kms.katalon.core.model.FailureHandling)]]></system-out>
      <system-err><![CDATA[2018-03-08 19:26:49 - [TEST_SUITE][ERROR] - Open Close: Test Cases/Main Test Cases/OpenClose FAILED because (of) org.codehaus.groovy.runtime.metaclass.MethodSelectionException: Could not find which method openBrowser() to invoke from this list:
  public static void com.kms.katalon.core.webui.keyword.WebUiBuiltInKeywords#openBrowser(java.lang.String)
  public static void com.kms.katalon.core.webui.keyword.WebUiBuiltInKeywords#openBrowser(java.lang.String, com.kms.katalon.core.model.FailureHandling)]]></system-err>
   </testsuite>
</testsuites>
